2020/05/02 19:37:02 start: 1588419422741
2020/05/02 19:37:02 SP: -1
2020/05/02 19:37:08 SP: -0.5
2020/05/02 19:37:13 SP: 0
2020/05/02 19:37:19 SP: 0.5
2020/05/02 19:37:26 SP: 1
2020/05/02 19:37:40 SP: 1.5
2020/05/02 19:38:04 SP: 2
2020/05/02 19:54:37 end: 1588420477477
2020/05/02 19:54:37 start: 1588420477477
2020/05/02 19:54:37 MS: -1
2020/05/02 19:54:44 MS: -0.5
2020/05/02 19:54:51 MS: 0
2020/05/02 19:54:58 MS: 0.5
2020/05/02 19:55:05 MS: 1
2020/05/02 19:55:12 MS: 1.5
2020/05/02 19:55:12 MS: 2
2020/05/02 19:55:22 end: 1588420522032
2020/05/02 19:55:22 start: 1588420522033
2020/05/02 19:55:22 NMS: -1
2020/05/02 19:55:28 NMS: -0.5
2020/05/02 19:55:35 NMS: 0
2020/05/02 19:55:42 NMS: 0.5
2020/05/02 19:55:49 NMS: 1
2020/05/02 19:55:57 NMS: 1.5
2020/05/02 19:55:57 NMS: 2
2020/05/02 19:56:00 end: 1588420560338
2020/05/02 19:56:00 start: 1588420560338
2020/05/02 19:56:00 OMS: -1
2020/05/02 19:56:06 OMS: -0.5
2020/05/02 19:56:13 OMS: 0
2020/05/02 19:56:20 OMS: 0.5
2020/05/02 19:56:27 OMS: 1
2020/05/02 19:56:38 OMS: 1.5
2020/05/02 19:56:46 OMS: 2
2020/05/02 20:16:41 end: 1588421801391